<?xml version="1.0" encoding="UTF-8"?>
<testsuite xmlns:xsi="http://www.w3.org/2001/XMLSchema-instance" xsi:noNamespaceSchemaLocation="https://maven.apache.org/surefire/maven-surefire-plugin/xsd/surefire-test-report.xsd" name="com.banck.bankcustomer.infraestructure.rest.CustomerControllerTest" time="0.004" tests="5" errors="1" skipped="0" failures="0">
  <properties>
[...]
</properties>
  <testcase name="create" classname="com.banck.bankcustomer.infraestructure.rest.CustomerControllerTest" time="0"/>
  <testcase name="delete" classname="com.banck.bankcustomer.infraestructure.rest.CustomerControllerTest" time="0"/>
  <testcase name="update" classname="com.banck.bankcustomer.infraestructure.rest.CustomerControllerTest" time="0"/>
  <testcase name="get" classname="com.banck.bankcustomer.infraestructure.rest.CustomerControllerTest" time="0"/>
  <testcase name="listAll" classname="com.banck.bankcustomer.infraestructure.rest.CustomerControllerTest" time="0.003">
    <error message="Cannot invoke &quot;com.banck.bankcustomer.aplication.CustomerOperations.list()&quot; because &quot;this.operations&quot; is null" type="java.lang.NullPointerException">java.lang.NullPointerException: Cannot invoke "com.banck.bankcustomer.aplication.CustomerOperations.list()" because "this.operations" is null
	at com.banck.bankcustomer.infraestructure.rest.CustomerControllerTest.listAll(CustomerControllerTest.java:25)
</error>
    <system-out><![CDATA[2022-01-04 14:33:40.365  INFO 1012 --- [           main] c.b.b.i.rest.CustomerControllerTest      : CustomerControllerTest.get
2022-01-04 14:33:40.365  INFO 1012 --- [           main] c.b.b.i.rest.CustomerController          : CustomerController.listAll
]]></system-out>
  </testcase>
</testsuite>